Arguments: 
  C:\Program Files\nodejs\node.exe C:\Program Files (x86)\Yarn\bin\yarn.js add --save

PATH: 
  C:\Program Files (x86)\NVIDIA Corporation\PhysX\Common;C:\ProgramData\Oracle\Java\javapath;C:\WINDOWS\system32;C:\WINDOWS;C:\WINDOWS\System32\Wbem;C:\WINDOWS\System32\WindowsPowerShell\v1.0\;C:\Program Files (x86)\AMD\ATI.ACE\Core-Static;C:\Program Files (x86)\Lua\5.1;C:\Program Files (x86)\Lua\5.1\clibs;C:\Program Files (x86)\ATI Technologies\ATI.ACE\Core-Static;C:\Program Files (x86)\QuickTime\QTSystem\;C:\Python27;C:\Program Files (x86)\GtkSharp\2.12\bin;C:\Program Files (x86)\Microsoft SQL Server\140\Tools\Binn\;C:\Program Files\Microsoft SQL Server\140\Tools\Binn\;C:\Program Files (x86)\Microsoft SQL Server\140\DTS\Binn\;C:\Program Files\Microsoft SQL Server\140\DTS\Binn\;C:\Program Files\Microsoft SQL Server\Client SDK\ODBC\130\Tools\Binn\;C:\Program Files (x86)\Microsoft SQL Server\Client SDK\ODBC\130\Tools\Binn\;C:\Program Files (x86)\Microsoft SQL Server\140\Tools\Binn\ManagementStudio\;C:\Program Files\Microsoft SQL Server\130\Tools\Binn\;C:\Program Files (x86)\Skype\Phone\;C:\Program Files\Git\cmd;C:\FPC\3.0.4\bin\i386-Win32;C:\Program Files\nodejs\;C:\Program Files (x86)\Yarn\bin\;C:\Program Files\MATLAB\R2017a\runtime\win64;C:\Program Files\MATLAB\R2017a\bin;C:\Users\Gabo Banda\AppData\Local\Programs\Python\Python36-32\Scripts\;C:\Users\Gabo Banda\AppData\Local\Programs\Python\Python36-32\;C:\Users\Gabo Banda\AppData\Local\Microsoft\WindowsApps;C:\Program Files\Java\jdk1.8.0_141\bin;C:\Android\tools;C:\Android\platform-tools;C:\Program Files\Heroku\bin;C:\Users\Gabo Banda\AppData\Roaming\npm;C:\Users\Gabo Banda\AppData\Local\Yarn\bin

Yarn version: 
  1.5.1

Node version: 
  8.10.0

Platform: 
  win32 x64

npm manifest: 
  {
    "name": "metabot",
    "version": "0.1.0",
    "description": "Discord bot",
    "main": "bot.js",
    "author": "GB",
    "dependencies": {
      "discord.io": "github:woor/discord.io#gateway_v6"
    },
    "engines": {
      "node": "8.10.0"
    },
    "devDependencies": {},
    "scripts": {
    	"start": "node bot.js",
      "test": "echo \"Error: no test specified\" && exit 1"
    },
    "license": "ISC"
  }

yarn manifest: 
  No manifest

Lockfile: 
  No lockfile

Trace: 
  Error: Missing list of packages to add to your project.
      at new MessageError (C:\Program Files (x86)\Yarn\lib\cli.js:186:110)
      at Object.<anonymous> (C:\Program Files (x86)\Yarn\lib\cli.js:40587:13)
      at Generator.next (<anonymous>)
      at step (C:\Program Files (x86)\Yarn\lib\cli.js:98:30)
      at C:\Program Files (x86)\Yarn\lib\cli.js:116:14
      at new Promise (<anonymous>)
      at new F (C:\Program Files (x86)\Yarn\lib\cli.js:23451:28)
      at Object.<anonymous> (C:\Program Files (x86)\Yarn\lib\cli.js:95:12)
      at Object.run (C:\Program Files (x86)\Yarn\lib\cli.js:40599:19)
      at run (C:\Program Files (x86)\Yarn\lib\cli.js:89113:20)
